<?xml version="1.0" encoding="UTF-8"?>
<testsuite name="com.udacity.gradle.test.EchoTest" tests="1" skipped="0" failures="0" errors="0" timestamp="2016-05-13T03:18:54" hostname="Praveens-MacBook-Pro.local" time="0.003">
  <properties/>
  <testcase name="test" classname="com.udacity.gradle.test.EchoTest" time="0.003"/>
  <system-out><![CDATA[]]></system-out>
  <system-err><![CDATA[]]></system-err>
</testsuite>
